<?xml version="1.0" encoding="UTF-8"?>
<!-- Generated by org.testng.reporters.JUnitReportReporter -->
<testsuite hostname="DESKTOP-E6TL60B" failures="0" tests="1" name="testNG_Demo.RegistrationProject.AppTest" time="0.018" errors="0" timestamp="2022-08-07T23:20:02 IST" skipped="0">
  <testcase classname="testNG_Demo.RegistrationProject.AppTest" name="shouldAnswerWithTrue" time="0.018"/>
  <system-out/>
</testsuite> <!-- testNG_Demo.RegistrationProject.AppTest -->
