<?xml version="1.0" encoding="UTF-8"?>
<!-- Generated by org.testng.reporters.JUnitReportReporter -->
<testsuite hostname="DESKTOP-E6TL60B" failures="0" tests="5" name="testNG_Demo.RegistrationProject.RegiserDemo" time="15.622" errors="0" timestamp="2022-08-07T23:20:53 IST" skipped="0">
  <testcase classname="testNG_Demo.RegistrationProject.RegiserDemo" name="LaunchApplication" time="8.269"/>
  <system-out/>
  <testcase classname="testNG_Demo.RegistrationProject.RegiserDemo" name="SelectRegistrationForm" time="1.959"/>
  <system-out/>
  <testcase classname="testNG_Demo.RegistrationProject.RegiserDemo" name="RegisterUser" time="5.194"/>
  <system-out/>
  <testcase classname="testNG_Demo.RegistrationProject.RegiserDemo" name="ValidationMessage" time="0.039"/>
  <system-out/>
  <testcase classname="testNG_Demo.RegistrationProject.RegiserDemo" name="CloseApplication" time="0.161"/>
  <system-out/>
</testsuite> <!-- testNG_Demo.RegistrationProject.RegiserDemo -->
